<?xml version="1.0" encoding="UTF-8"?>
<!-- Generated by org.testng.reporters.JUnitReportReporter -->
<testsuite hostname="PCW1898342L" failures="0" tests="1" name="tests.BalanceScaleTest" time="39.601" errors="0" timestamp="2021-07-25T18:18:15 CDT" skipped="0">
  <testcase classname="tests.BalanceScaleTest" name="FindTheFakeCoin" time="39.601"/>
  <system-out>
Test Case: Finding the fake bar Get Coins List of Coins: [0, 1, 2, 3, 4, 5, 6, 7, 8] Total Number of Coins: 9 Fill left bowl of Weighing scale Fill right bowl of Weighing scale Button Click: Weigh Getting Weighing result Button Click: Reset Fill left bowl of Weighing scale Fill right bowl of Weighing scale Button Click: Weigh Getting Weighing result Button Click: Reset Fill left bowl of Weighing scale Fill right bowl of Weighing scale Button Click: Weigh Getting Weighing result Button Click: Reset Fake Coin is: 5 Click on Fake Coin Total Number of  Weighings3 Iteration 1 : [0,1,2,3] > [4,5,6,7] Iteration 2 : [4,5] < [6,7] Iteration 3 : [4] > [5]  </system-out>
</testsuite> <!-- tests.BalanceScaleTest -->
